<?xml version="1.0" encoding="UTF-8"?>
<testng-results skipped="0" failed="1" ignored="0" total="1" passed="0">
  <reporter-output>
  </reporter-output>
  <suite name="Suite" duration-ms="7081" started-at="2021-10-20T15:00:38Z" finished-at="2021-10-20T15:00:46Z">
    <groups>
    </groups>
    <test name="ChromeTest" duration-ms="7081" started-at="2021-10-20T15:00:38Z" finished-at="2021-10-20T15:00:46Z">
      <class name="Running.ExecutionTest">
        <test-method status="PASS" signature="initial()[pri:0, instance:Running.ExecutionTest@1ed4004b]" name="initial" is-config="true" duration-ms="12" started-at="2021-10-20T15:00:38Z" finished-at="2021-10-20T15:00:38Z">
          <reporter-output>
          </reporter-output>
        </test-method> <!-- initial -->
        <test-method status="PASS" signature="setup(java.lang.String, java.lang.String, java.lang.String, java.lang.String)[pri:0, instance:Running.ExecutionTest@1ed4004b]" name="setup" is-config="true" duration-ms="12" started-at="2021-10-20T15:00:38Z" finished-at="2021-10-20T15:00:38Z">
          <params>
            <param index="0">
              <value>
                <![CDATA[chrome]]>
              </value>
            </param>
            <param index="1">
              <value>
                <![CDATA[D://chromedriver.exe]]>
              </value>
            </param>
            <param index="2">
              <value>
                <![CDATA[D:\Fcst OneDrive\ForecastEra Inc\FCST Onedrive Files - ForecastEra\Archive UserData\Vasudha Katragunta\EclipseData\SeleniumUIApplication//excel//AN_Lighting.xlsx]]>
              </value>
            </param>
            <param index="3">
              <value>
                <![CDATA[${report}]]>
              </value>
            </param>
          </params>
          <reporter-output>
          </reporter-output>
        </test-method> <!-- setup -->
        <test-method status="FAIL" signature="testcases()[pri:0, instance:Running.ExecutionTest@1ed4004b]" name="testcases" duration-ms="7053" started-at="2021-10-20T15:00:38Z" finished-at="2021-10-20T15:00:46Z">
          <exception class="java.lang.NullPointerException">
            <full-stacktrace>
              <![CDATA[java.lang.NullPointerException
at Running.Final.testing(Final.java:269)
at Running.ExecutionTest.testcases(ExecutionTest.java:50)
at sun.reflect.NativeMethodAccessorImpl.invoke0(Native Method)
at sun.reflect.NativeMethodAccessorImpl.invoke(Unknown Source)
at sun.reflect.DelegatingMethodAccessorImpl.invoke(Unknown Source)
at java.lang.reflect.Method.invoke(Unknown Source)
at org.testng.internal.MethodInvocationHelper.invokeMethod(MethodInvocationHelper.java:124)
at org.testng.internal.Invoker.invokeMethod(Invoker.java:583)
at org.testng.internal.Invoker.invokeTestMethod(Invoker.java:719)
at org.testng.internal.Invoker.invokeTestMethods(Invoker.java:989)
at org.testng.internal.TestMethodWorker.invokeTestMethods(TestMethodWorker.java:125)
at org.testng.internal.TestMethodWorker.run(TestMethodWorker.java:109)
at org.testng.TestRunner.privateRun(TestRunner.java:648)
at org.testng.TestRunner.run(TestRunner.java:505)
at org.testng.SuiteRunner.runTest(SuiteRunner.java:455)
at org.testng.SuiteRunner.access$000(SuiteRunner.java:40)
at org.testng.SuiteRunner$SuiteWorker.run(SuiteRunner.java:489)
at org.testng.internal.thread.ThreadUtil$1.call(ThreadUtil.java:52)
at java.util.concurrent.FutureTask.run(Unknown Source)
at java.util.concurrent.ThreadPoolExecutor.runWorker(Unknown Source)
at java.util.concurrent.ThreadPoolExecutor$Worker.run(Unknown Source)
at java.lang.Thread.run(Unknown Source)
]]>
            </full-stacktrace>
          </exception> <!-- java.lang.NullPointerException -->
          <reporter-output>
          </reporter-output>
        </test-method> <!-- testcases -->
      </class> <!-- Running.ExecutionTest -->
    </test> <!-- ChromeTest -->
  </suite> <!-- Suite -->
</testng-results>
