<?xml version="1.0" encoding="UTF-8"?>
<!-- Generated by org.testng.reporters.JUnitXMLReporter -->
<testsuite hostname="DESKTOP-664TNJO" ignored="0" name="ChromeTest" tests="1" failures="1" timestamp="20 Oct 2021 15:00:46 GMT" time="7.081" errors="0">
  <testcase name="testcases" time="7.053" classname="Running.ExecutionTest">
    <failure type="java.lang.NullPointerException">
      <![CDATA[java.lang.NullPointerException
at Running.Final.testing(Final.java:269)
at Running.ExecutionTest.testcases(ExecutionTest.java:50)
at java.util.concurrent.FutureTask.run(Unknown Source)
at java.util.concurrent.ThreadPoolExecutor.runWorker(Unknown Source)
at java.util.concurrent.ThreadPoolExecutor$Worker.run(Unknown Source)
at java.lang.Thread.run(Unknown Source)
... Removed 16 stack frames]]>
    </failure>
  </testcase> <!-- testcases -->
</testsuite> <!-- ChromeTest -->
